[ERROR] Failed to check user existence in hydrapanel: Request failed with status code 401
[ERROR] Error during account check: Request failed with status code 401
[ERROR] Error during account check: Request failed with status code 401
[ERROR] Failed to check user existence in hydrapanel: Request failed with status code 400
[ERROR] Error during account check: Request failed with status code 400
[ERROR] Error during account check: Request failed with status code 400
[ERROR] Failed to check user existence in hydrapanel: Request failed with status code 401
[ERROR] Error during account check: Request failed with status code 401
[ERROR] Error during account check: Request failed with status code 401
[ERROR] Failed to create user in hydrapanel: Request failed with status code 500
[ERROR] Error during account check: Request failed with status code 500
[ERROR] Error during account check: Request failed with status code 500
[ERROR] Failed to create user in hydrapanel: Request failed with status code 500
[ERROR] Error during account check: Request failed with status code 500
[ERROR] Error during account check: Request failed with status code 500
[ERROR] Failed to create user in hydrapanel: Request failed with status code 500
[ERROR] Error during account check: Request failed with status code 500
[ERROR] Error during account check: Request failed with status code 500
[ERROR] User created in HydraPanel
[ERROR] Failed to calculate resources for user: [LOG] Failed to calculate resources for user 1221408585716727849. Error: Request failed with status code 429

[ERROR] Failed to calculate resources for user: [LOG] Failed to calculate resources for user 1221408585716727849. Error: Request failed with status code 429

[ERROR] Failed to calculate resources for user: [LOG] Failed to calculate resources for user 1221408585716727849. Error: Request failed with status code 429

[ERROR] Error during account check: Request failed with status code 401
[ERROR] Failed to check user existence in hydrapanel: Request failed with status code 401
[ERROR] Error during account check: Request failed with status code 401
[ERROR] Failed to calculate resources for user: [LOG] Failed to calculate resources for user 1221408585716727849. Error: Request failed with status code 429

